
Dec 17, 2019 09:23:57.65 NEW SESSION
Dec 17, 2019 09:23:57.68 [2964:1740:1217/092357.625:ERROR:connection_factory_impl.cc(418)] Failed to connect to MCS endpoint with error -106
Dec 17, 2019 09:24:18.65 [2964:1740:1217/092418.653:ERROR:connection_factory_impl.cc(418)] Failed to connect to MCS endpoint with error -106
Dec 17, 2019 09:25:16.99 [2964:1740:1217/092516.996:ERROR:connection_factory_impl.cc(418)] Failed to connect to MCS endpoint with error -106
Dec 17, 2019 09:27:50.00 [2964:1740:1217/092750.001:ERROR:connection_factory_impl.cc(418)] Failed to connect to MCS endpoint with error -106

Dec 20, 2019 10:12:49.61 NEW SESSION
Dec 20, 2019 10:12:49.61 [5496:3676:1220/101249.613:ERROR:socket_stream.cc(218)] Closing stream with result -2
Dec 20, 2019 12:34:26.91 [5496:3676:1220/123426.909:ERROR:socket_stream.cc(218)] Closing stream with result -2
Dec 20, 2019 12:34:27.41 [5496:2688:1220/123427.039:ERROR:gcm_channel_status_request.cc(145)] GCM channel request failed.
Dec 20, 2019 12:47:11.89 [5496:3676:1220/124711.893:ERROR:socket_stream.cc(218)] Closing stream with result -2
Dec 20, 2019 14:46:23.92 [5496:3676:1220/144623.927:ERROR:socket_stream.cc(218)] Closing stream with result -2
Dec 20, 2019 14:46:24.77 [5496:2688:1220/144624.775:ERROR:gcm_channel_status_request.cc(145)] GCM channel request failed.
Dec 20, 2019 15:19:15.79 [5496:3676:1220/151915.793:ERROR:socket_stream.cc(218)] Closing stream with result -2
Dec 20, 2019 16:47:06.46 [5496:3676:1220/164706.463:ERROR:socket_stream.cc(218)] Closing stream with result -2
Dec 20, 2019 16:47:06.60 [5496:2688:1220/164706.607:ERROR:gcm_channel_status_request.cc(145)] GCM channel request failed.
Dec 20, 2019 16:47:09.15 [5496:3676:1220/164709.158:ERROR:connection_factory_impl.cc(418)] Failed to connect to MCS endpoint with error -21
Dec 20, 2019 18:17:29.60 [5496:3676:1220/181729.605:ERROR:socket_stream.cc(218)] Closing stream with result -2
Dec 20, 2019 18:42:43.75 [5496:3676:1220/184243.752:ERROR:connection_factory_impl.cc(418)] Failed to connect to MCS endpoint with error -106
Dec 20, 2019 18:43:11.72 [5496:3676:1220/184311.728:ERROR:connection_factory_impl.cc(418)] Failed to connect to MCS endpoint with error -106
Dec 20, 2019 18:44:06.46 [5496:3676:1220/184406.468:ERROR:connection_factory_impl.cc(418)] Failed to connect to MCS endpoint with error -106
Dec 20, 2019 18:45:29.50 [5496:3676:1220/184529.507:ERROR:connection_factory_impl.cc(418)] Failed to connect to MCS endpoint with error -106
Dec 20, 2019 18:48:47.05 [5496:3676:1220/184847.058:ERROR:connection_factory_impl.cc(418)] Failed to connect to MCS endpoint with error -106
Dec 20, 2019 18:49:52.27 [5496:3676:1220/184952.273:ERROR:connection_factory_impl.cc(418)] Failed to connect to MCS endpoint with error -202
Dec 20, 2019 19:04:16.68 [5496:3676:1220/190416.684:ERROR:connection_factory_impl.cc(418)] Failed to connect to MCS endpoint with error -106
Dec 20, 2019 19:04:39.67 [5496:3676:1220/190439.678:ERROR:connection_factory_impl.cc(418)] Failed to connect to MCS endpoint with error -106
Dec 20, 2019 19:05:28.86 [5496:3676:1220/190528.862:ERROR:connection_factory_impl.cc(418)] Failed to connect to MCS endpoint with error -106
Dec 20, 2019 19:07:19.47 [5496:3676:1220/190719.476:ERROR:connection_factory_impl.cc(418)] Failed to connect to MCS endpoint with error -106
Dec 20, 2019 19:10:46.09 [5496:3676:1220/191046.094:ERROR:connection_factory_impl.cc(418)] Failed to connect to MCS endpoint with error -106

Dec 21, 2019 08:54:37.09 NEW SESSION
Dec 21, 2019 08:54:37.09 [4808:6376:1221/085437.092:ERROR:connection_factory_impl.cc(418)] Failed to connect to MCS endpoint with error -106
Dec 21, 2019 08:55:04.78 [4808:6376:1221/085504.783:ERROR:connection_factory_impl.cc(418)] Failed to connect to MCS endpoint with error -106
Dec 21, 2019 09:17:29.55 [4808:6620:1221/091729.548:ERROR:gcm_channel_status_request.cc(145)] GCM channel request failed.
Dec 21, 2019 09:17:33.00 [4808:6376:1221/091730.033:ERROR:connection_factory_impl.cc(418)] Failed to connect to MCS endpoint with error -106
Dec 21, 2019 09:17:52.75 [4808:6620:1221/091752.753:ERROR:gcm_channel_status_request.cc(145)] GCM channel request failed.
Dec 21, 2019 09:18:36.53 [4808:6620:1221/091836.530:ERROR:gcm_channel_status_request.cc(145)] GCM channel request failed.
Dec 21, 2019 09:18:56.13 [4808:6376:1221/091856.136:ERROR:connection_factory_impl.cc(418)] Failed to connect to MCS endpoint with error -106
Dec 21, 2019 09:20:05.85 [4808:6620:1221/092005.850:ERROR:gcm_channel_status_request.cc(145)] GCM channel request failed.
Dec 21, 2019 09:23:45.53 [4808:6620:1221/092345.538:ERROR:gcm_channel_status_request.cc(145)] GCM channel request failed.
Dec 21, 2019 09:23:45.56 [4808:6376:1221/092345.563:ERROR:connection_factory_impl.cc(418)] Failed to connect to MCS endpoint with error -106
Dec 21, 2019 09:29:19.94 [4808:6620:1221/092919.944:ERROR:gcm_channel_status_request.cc(145)] GCM channel request failed.
Dec 21, 2019 09:29:33.64 [4808:6376:1221/092933.645:ERROR:connection_factory_impl.cc(418)] Failed to connect to MCS endpoint with error -106
Dec 21, 2019 09:39:19.97 [4808:6620:1221/093919.979:ERROR:gcm_channel_status_request.cc(145)] GCM channel request failed.
Dec 21, 2019 09:39:33.66 [4808:6376:1221/093933.669:ERROR:connection_factory_impl.cc(418)] Failed to connect to MCS endpoint with error -106
Dec 21, 2019 09:46:51.43 [4808:6376:1221/094651.430:ERROR:socket_stream.cc(218)] Closing stream with result -2
Dec 21, 2019 09:47:37.77 [4808:6376:1221/094737.772:ERROR:socket_stream.cc(218)] Closing stream with result -2
Dec 21, 2019 09:48:12.26 [4808:6376:1221/094812.267:ERROR:connection_factory_impl.cc(418)] Failed to connect to MCS endpoint with error -100
Dec 21, 2019 09:49:01.14 [4808:6376:1221/094901.149:ERROR:socket_stream.cc(218)] Closing stream with result -2
Dec 21, 2019 09:56:36.22 [4808:6376:1221/095636.227:ERROR:connection_factory_impl.cc(418)] Failed to connect to MCS endpoint with error -100
Dec 21, 2019 09:58:36.89 [4808:6376:1221/095836.898:ERROR:connection_factory_impl.cc(418)] Failed to connect to MCS endpoint with error -118
Dec 21, 2019 10:13:45.38 [4808:6376:1221/101345.387:ERROR:connection_factory_impl.cc(418)] Failed to connect to MCS endpoint with error -105
Dec 21, 2019 10:14:07.37 [4808:6376:1221/101407.377:ERROR:connection_factory_impl.cc(418)] Failed to connect to MCS endpoint with error -105
Dec 21, 2019 10:14:35.87 [4808:6376:1221/101435.876:ERROR:connection_factory_impl.cc(418)] Failed to connect to MCS endpoint with error -105
Dec 21, 2019 10:14:56.87 [4808:6376:1221/101456.879:ERROR:connection_factory_impl.cc(418)] Failed to connect to MCS endpoint with error -105
Dec 21, 2019 10:15:22.38 [4808:6376:1221/101522.381:ERROR:connection_factory_impl.cc(418)] Failed to connect to MCS endpoint with error -105
Dec 21, 2019 10:15:44.37 [4808:6376:1221/101544.370:ERROR:connection_factory_impl.cc(418)] Failed to connect to MCS endpoint with error -105
Dec 21, 2019 10:16:05.37 [4808:6376:1221/101605.379:ERROR:connection_factory_impl.cc(418)] Failed to connect to MCS endpoint with error -105
Dec 21, 2019 10:16:25.89 [4808:6376:1221/101625.896:ERROR:connection_factory_impl.cc(418)] Failed to connect to MCS endpoint with error -105
Dec 21, 2019 10:16:49.88 [4808:6376:1221/101649.882:ERROR:connection_factory_impl.cc(418)] Failed to connect to MCS endpoint with error -105
Dec 21, 2019 10:17:10.88 [4808:6376:1221/101710.880:ERROR:connection_factory_impl.cc(418)] Failed to connect to MCS endpoint with error -105
Dec 21, 2019 10:17:32.88 [4808:6376:1221/101732.887:ERROR:connection_factory_impl.cc(418)] Failed to connect to MCS endpoint with error -105
Dec 21, 2019 10:20:30.96 [4808:6376:1221/102030.961:ERROR:connection_factory_impl.cc(418)] Failed to connect to MCS endpoint with error -106
Dec 21, 2019 10:35:46.59 [4808:6376:1221/103546.593:ERROR:socket_stream.cc(218)] Closing stream with result -2
Dec 21, 2019 10:37:18.06 [4808:6376:1221/103718.064:ERROR:connection_factory_impl.cc(418)] Failed to connect to MCS endpoint with error -106
Dec 21, 2019 10:37:40.06 [4808:6376:1221/103740.060:ERROR:connection_factory_impl.cc(418)] Failed to connect to MCS endpoint with error -106
Dec 21, 2019 10:38:25.59 [4808:6376:1221/103825.594:ERROR:connection_factory_impl.cc(418)] Failed to connect to MCS endpoint with error -106
Dec 21, 2019 10:50:18.69 [4808:6376:1221/105018.692:ERROR:socket_stream.cc(218)] Closing stream with result -2
Dec 21, 2019 10:55:32.86 [4808:6620:1221/105532.860:ERROR:gcm_channel_status_request.cc(145)] GCM channel request failed.
Dec 21, 2019 11:31:26.61 [4808:6376:1221/113126.614:ERROR:socket_stream.cc(218)] Closing stream with result -2
Dec 21, 2019 12:54:42.91 [4808:6376:1221/125442.918:ERROR:socket_stream.cc(218)] Closing stream with result -2
Dec 21, 2019 13:02:35.50 [4808:6376:1221/130235.508:ERROR:connection_factory_impl.cc(418)] Failed to connect to MCS endpoint with error -7
Dec 21, 2019 13:02:41.11 [4808:6376:1221/130241.110:ERROR:connection_factory_impl.cc(418)] Failed to connect to MCS endpoint with error -106
Dec 21, 2019 13:03:40.40 [4808:6376:1221/130340.400:ERROR:connection_factory_impl.cc(418)] Failed to connect to MCS endpoint with error -106
Dec 21, 2019 13:10:31.74 [4808:6376:1221/131031.740:ERROR:socket_stream.cc(218)] Closing stream with result -2
Dec 21, 2019 13:41:13.63 [4808:6376:1221/134113.639:ERROR:connection_factory_impl.cc(418)] Failed to connect to MCS endpoint with error -106
Dec 21, 2019 13:41:14.07 [4808:6620:1221/134114.072:ERROR:gcm_channel_status_request.cc(145)] GCM channel request failed.
Dec 21, 2019 13:41:38.13 [4808:6376:1221/134138.131:ERROR:connection_factory_impl.cc(418)] Failed to connect to MCS endpoint with error -106
Dec 21, 2019 13:41:38.99 [4808:6620:1221/134138.989:ERROR:gcm_channel_status_request.cc(145)] GCM channel request failed.
Dec 21, 2019 13:42:25.90 [4808:6376:1221/134225.907:ERROR:connection_factory_impl.cc(418)] Failed to connect to MCS endpoint with error -106
Dec 21, 2019 13:42:31.23 [4808:6620:1221/134231.230:ERROR:gcm_channel_status_request.cc(145)] GCM channel request failed.
Dec 21, 2019 13:43:57.77 [4808:6376:1221/134357.771:ERROR:connection_factory_impl.cc(418)] Failed to connect to MCS endpoint with error -106
Dec 21, 2019 14:03:28.29 [4808:6376:1221/140328.299:ERROR:socket_stream.cc(218)] Closing stream with result -2
Dec 21, 2019 15:21:53.94 [4808:6376:1221/152150.505:ERROR:connection_factory_impl.cc(418)] Failed to connect to MCS endpoint with error -7
Dec 21, 2019 15:21:54.42 [4808:6620:1221/152154.427:ERROR:gcm_channel_status_request.cc(145)] GCM channel request failed.
Dec 21, 2019 16:28:59.29 [4808:6376:1221/162859.294:ERROR:socket_stream.cc(218)] Closing stream with result -2
Dec 21, 2019 16:39:07.66 [4808:6620:1221/163907.659:ERROR:gcm_channel_status_request.cc(145)] GCM channel request failed.
Dec 21, 2019 16:58:11.62 [4808:6376:1221/165811.620:ERROR:socket_stream.cc(218)] Closing stream with result -2
Dec 21, 2019 17:52:24.09 [4808:6376:1221/175224.093:ERROR:socket_stream.cc(218)] Closing stream with result -2
Dec 21, 2019 18:15:18.53 [4808:6376:1221/181518.530:ERROR:connection_factory_impl.cc(418)] Failed to connect to MCS endpoint with error -7
Dec 21, 2019 18:29:23.60 [4808:6376:1221/182923.602:ERROR:socket_stream.cc(218)] Closing stream with result -2
Dec 21, 2019 18:52:16.55 [4808:6376:1221/185216.556:ERROR:connection_factory_impl.cc(418)] Failed to connect to MCS endpoint with error -7
Dec 21, 2019 18:52:16.57 [4808:6620:1221/185216.570:ERROR:gcm_channel_status_request.cc(145)] GCM channel request failed.

Dec 22, 2019 13:50:39.77 NEW SESSION
Dec 22, 2019 13:50:39.77 [9172:2164:1222/135039.770:ERROR:socket_stream.cc(218)] Closing stream with result -2
Dec 22, 2019 14:47:23.22 [9172:2164:1222/144723.226:ERROR:socket_stream.cc(218)] Closing stream with result -2
Dec 22, 2019 15:20:18.58 [9172:2164:1222/152018.588:ERROR:socket_stream.cc(218)] Closing stream with result -2
Dec 22, 2019 15:48:48.69 [9172:2164:1222/154848.696:ERROR:socket_stream.cc(218)] Closing stream with result -2
Dec 22, 2019 17:17:14.00 [9172:2164:1222/171714.009:ERROR:socket_stream.cc(218)] Closing stream with result -2

Dec 23, 2019 07:48:30.16 NEW SESSION
Dec 23, 2019 07:48:30.16 [6528:964:1223/074830.162:ERROR:socket_stream.cc(218)] Closing stream with result -2
Dec 23, 2019 08:45:24.43 [6528:964:1223/084524.438:ERROR:connection_factory_impl.cc(418)] Failed to connect to MCS endpoint with error -106
Dec 23, 2019 08:45:26.51 [6528:964:1223/084526.513:ERROR:connection_factory_impl.cc(418)] Failed to connect to MCS endpoint with error -106
Dec 23, 2019 09:27:06.39 [6528:964:1223/092706.391:ERROR:socket_stream.cc(218)] Closing stream with result -2
Dec 23, 2019 09:32:04.26 [6528:964:1223/093204.264:ERROR:socket_stream.cc(218)] Closing stream with result -2
Dec 23, 2019 09:39:35.93 [6528:964:1223/093934.465:ERROR:socket_stream.cc(218)] Closing stream with result -2
Dec 23, 2019 09:39:37.08 [6528:964:1223/093937.083:ERROR:connection_factory_impl.cc(418)] Failed to connect to MCS endpoint with error -21
Dec 23, 2019 10:14:50.91 [6528:964:1223/101450.918:ERROR:socket_stream.cc(218)] Closing stream with result -2
Dec 23, 2019 11:26:45.55 [6528:6968:1223/112645.550:ERROR:gcm_channel_status_request.cc(145)] GCM channel request failed.
Dec 23, 2019 11:26:48.98 [6528:964:1223/112648.979:ERROR:socket_stream.cc(218)] Closing stream with result -2
Dec 23, 2019 12:33:24.75 [6528:964:1223/123324.754:ERROR:socket_stream.cc(218)] Closing stream with result -2
Dec 23, 2019 12:56:10.63 [6528:6968:1223/125610.621:ERROR:gcm_channel_status_request.cc(145)] GCM channel request failed.
Dec 23, 2019 13:16:00.96 [6528:964:1223/131600.969:ERROR:socket_stream.cc(218)] Closing stream with result -2
Dec 24, 2019 11:39:40.65 [6528:6968:1224/113940.657:ERROR:gcm_channel_status_request.cc(145)] GCM channel request failed.
Dec 24, 2019 11:39:40.91 [6528:6320:1224/113940.911:ERROR:get_updates_processor.cc(246)] PostClientToServerMessage() failed during GetUpdates
Dec 24, 2019 11:39:45.53 [6528:964:1224/113945.537:ERROR:connection_factory_impl.cc(418)] Failed to connect to MCS endpoint with error -105
Dec 24, 2019 11:39:45.54 [6528:964:1224/113945.540:ERROR:checkin_request.cc(223)] Failed to get checkin response. Fetcher failed. Retrying.
Dec 24, 2019 12:38:54.75 [6528:964:1224/123854.755:ERROR:socket_stream.cc(218)] Closing stream with result -2
Dec 24, 2019 12:58:09.78 [6528:964:1224/125809.776:ERROR:socket_stream.cc(218)] Closing stream with result -2
Dec 24, 2019 15:35:50.61 [6528:6968:1224/153550.610:ERROR:gcm_channel_status_request.cc(145)] GCM channel request failed.
Dec 24, 2019 16:31:47.27 [6528:964:1224/163147.271:ERROR:socket_stream.cc(218)] Closing stream with result -2
Dec 24, 2019 20:30:59.73 [6528:6968:1224/203056.989:ERROR:gcm_channel_status_request.cc(145)] GCM channel request failed.
Dec 24, 2019 20:41:44.93 [6528:964:1224/204144.936:ERROR:socket_stream.cc(218)] Closing stream with result -2
Dec 24, 2019 21:11:07.75 [6528:964:1224/211107.657:ERROR:socket_stream.cc(218)] Closing stream with result -2
Dec 24, 2019 21:36:39.76 [6528:964:1224/213639.769:ERROR:socket_stream.cc(218)] Closing stream with result -2
Dec 24, 2019 23:09:40.60 [6528:6968:1224/230940.599:ERROR:gcm_channel_status_request.cc(145)] GCM channel request failed.
Dec 24, 2019 23:30:54.75 [6528:964:1224/233054.755:ERROR:socket_stream.cc(218)] Closing stream with result -2
Dec 25, 2019 01:11:56.17 [6528:964:1225/011156.175:ERROR:socket_stream.cc(218)] Closing stream with result -2
Dec 25, 2019 02:37:11.57 [6528:6968:1225/023711.578:ERROR:gcm_channel_status_request.cc(145)] GCM channel request failed.

Dec 29, 2019 13:49:50.95 NEW SESSION
Dec 29, 2019 13:49:50.95 [776:2320:1229/134950.942:ERROR:socket_stream.cc(218)] Closing stream with result -2
Dec 29, 2019 15:22:07.53 [776:1636:1229/152207.530:ERROR:gcm_channel_status_request.cc(145)] GCM channel request failed.
Dec 29, 2019 15:22:10.89 [776:2320:1229/152209.655:ERROR:socket_stream.cc(218)] Closing stream with result -2
Dec 29, 2019 15:22:12.05 [776:2320:1229/152212.058:ERROR:connection_factory_impl.cc(418)] Failed to connect to MCS endpoint with error -21
Dec 29, 2019 15:43:50.93 [776:2320:1229/154350.938:ERROR:socket_stream.cc(218)] Closing stream with result -2
Dec 29, 2019 21:43:56.85 [776:2320:1229/214353.538:ERROR:connection_factory_impl.cc(418)] Failed to connect to MCS endpoint with error -7
Dec 29, 2019 21:43:57.30 [776:1636:1229/214357.300:ERROR:gcm_channel_status_request.cc(145)] GCM channel request failed.
Dec 30, 2019 21:47:04.11 [776:2320:1230/214704.113:ERROR:socket_stream.cc(218)] Closing stream with result -2
Dec 30, 2019 21:47:08.07 [776:1636:1230/214708.072:ERROR:gcm_channel_status_request.cc(145)] GCM channel request failed.
Dec 30, 2019 21:47:08.07 [776:2320:1230/214708.077:ERROR:checkin_request.cc(223)] Failed to get checkin response. Fetcher failed. Retrying.
Dec 30, 2019 22:05:05.93 [776:2320:1230/220505.937:ERROR:socket_stream.cc(218)] Closing stream with result -2
Dec 30, 2019 22:22:07.42 [776:2320:1230/222207.418:ERROR:connection_factory_impl.cc(418)] Failed to connect to MCS endpoint with error -106

Jan 03, 2020 10:21:29.00 NEW SESSION
Jan 03, 2020 10:21:29.00 [5496:6012:0103/102129.002:ERROR:connection_factory_impl.cc(418)] Failed to connect to MCS endpoint with error -106
Jan 03, 2020 10:21:29.02 [5496:6012:0103/102129.002:ERROR:checkin_request.cc(223)] Failed to get checkin response. Fetcher failed. Retrying.
Jan 03, 2020 10:21:53.19 [5496:6012:0103/102153.197:ERROR:connection_factory_impl.cc(418)] Failed to connect to MCS endpoint with error -106
Jan 03, 2020 10:21:54.66 [5496:6012:0103/102154.664:ERROR:checkin_request.cc(223)] Failed to get checkin response. Fetcher failed. Retrying.
Jan 03, 2020 10:22:42.54 [5496:6012:0103/102242.544:ERROR:checkin_request.cc(223)] Failed to get checkin response. Fetcher failed. Retrying.
Jan 03, 2020 10:22:43.15 [5496:6012:0103/102243.152:ERROR:connection_factory_impl.cc(418)] Failed to connect to MCS endpoint with error -106
Jan 03, 2020 10:24:33.28 [5496:6012:0103/102433.285:ERROR:checkin_request.cc(223)] Failed to get checkin response. Fetcher failed. Retrying.
Jan 03, 2020 10:24:33.34 [5496:6012:0103/102433.349:ERROR:connection_factory_impl.cc(418)] Failed to connect to MCS endpoint with error -106
Jan 03, 2020 10:42:54.86 [5496:5752:0103/104254.867:ERROR:gcm_channel_status_request.cc(145)] GCM channel request failed.
Jan 03, 2020 10:42:55.98 [5496:6012:0103/104254.868:ERROR:checkin_request.cc(223)] Failed to get checkin response. Fetcher failed. Retrying.
Jan 03, 2020 10:42:55.98 [5496:6012:0103/104254.874:ERROR:connection_factory_impl.cc(418)] Failed to connect to MCS endpoint with error -106
Jan 03, 2020 10:43:24.00 [5496:5752:0103/104324.008:ERROR:gcm_channel_status_request.cc(145)] GCM channel request failed.
Jan 03, 2020 10:44:19.30 [5496:5752:0103/104419.305:ERROR:gcm_channel_status_request.cc(145)] GCM channel request failed.
Jan 03, 2020 10:45:53.94 [5496:5752:0103/104553.941:ERROR:gcm_channel_status_request.cc(145)] GCM channel request failed.
Jan 03, 2020 10:48:40.60 [5496:6012:0103/104840.607:ERROR:connection_factory_impl.cc(418)] Failed to connect to MCS endpoint with error -106
Jan 03, 2020 10:48:42.81 [5496:5752:0103/104842.817:ERROR:gcm_channel_status_request.cc(145)] GCM channel request failed.
Jan 03, 2020 10:50:34.60 [5496:6012:0103/105034.604:ERROR:checkin_request.cc(223)] Failed to get checkin response. Fetcher failed. Retrying.
Jan 03, 2020 10:55:02.09 [5496:5752:0103/105502.090:ERROR:gcm_channel_status_request.cc(145)] GCM channel request failed.
Jan 03, 2020 10:58:40.62 [5496:6012:0103/105840.626:ERROR:connection_factory_impl.cc(418)] Failed to connect to MCS endpoint with error -106
Jan 03, 2020 11:00:34.62 [5496:6012:0103/110034.626:ERROR:checkin_request.cc(223)] Failed to get checkin response. Fetcher failed. Retrying.
Jan 03, 2020 11:05:02.11 [5496:5752:0103/110502.111:ERROR:gcm_channel_status_request.cc(145)] GCM channel request failed.
Jan 03, 2020 11:08:40.64 [5496:6012:0103/110840.648:ERROR:connection_factory_impl.cc(418)] Failed to connect to MCS endpoint with error -106
Jan 03, 2020 11:10:34.64 [5496:6012:0103/111034.648:ERROR:checkin_request.cc(223)] Failed to get checkin response. Fetcher failed. Retrying.
Jan 03, 2020 11:15:02.13 [5496:5752:0103/111502.135:ERROR:gcm_channel_status_request.cc(145)] GCM channel request failed.
Jan 03, 2020 11:18:40.66 [5496:6012:0103/111840.668:ERROR:connection_factory_impl.cc(418)] Failed to connect to MCS endpoint with error -106
Jan 03, 2020 11:20:34.67 [5496:6012:0103/112034.672:ERROR:checkin_request.cc(223)] Failed to get checkin response. Fetcher failed. Retrying.

May 09, 2020 13:41:56.17 NEW SESSION
May 09, 2020 13:41:56.17 [3840:4808:0509/134156.177:ERROR:browser_switcher_service.cc(238)] XXX Init()
May 09, 2020 14:36:20.23 [3840:2124:0509/143620.236:ERROR:socket_stream.cc(218)] Closing stream with result -2
May 09, 2020 16:37:26.57 [3840:2124:0509/163726.573:ERROR:socket_stream.cc(218)] Closing stream with result -2
May 09, 2020 16:37:26.70 [3840:2124:0509/163726.700:ERROR:connection_factory_impl.cc(420)] Failed to connect to MCS endpoint with error -105
May 09, 2020 18:02:31.67 [3840:2124:0509/180231.674:ERROR:socket_stream.cc(218)] Closing stream with result -2
May 09, 2020 18:02:33.71 [3840:2124:0509/180233.710:ERROR:connection_factory_impl.cc(420)] Failed to connect to MCS endpoint with error -106
May 09, 2020 18:02:58.35 [3840:2124:0509/180258.355:ERROR:connection_factory_impl.cc(420)] Failed to connect to MCS endpoint with error -106
May 09, 2020 18:03:55.35 [3840:2124:0509/180355.351:ERROR:connection_factory_impl.cc(420)] Failed to connect to MCS endpoint with error -106
May 09, 2020 19:19:55.22 [3840:2124:0509/191955.223:ERROR:socket_stream.cc(218)] Closing stream with result -2
May 09, 2020 19:19:55.24 [3840:2124:0509/191955.244:ERROR:connection_factory_impl.cc(420)] Failed to connect to MCS endpoint with error -106
May 09, 2020 19:19:57.23 [3840:2124:0509/191957.234:ERROR:connection_factory_impl.cc(420)] Failed to connect to MCS endpoint with error -106
May 09, 2020 19:20:54.43 [3840:2124:0509/192054.434:ERROR:connection_factory_impl.cc(420)] Failed to connect to MCS endpoint with error -106
May 09, 2020 19:22:22.10 [3840:2124:0509/192222.099:ERROR:connection_factory_impl.cc(420)] Failed to connect to MCS endpoint with error -106
May 09, 2020 19:25:33.85 [3840:2124:0509/192533.854:ERROR:connection_factory_impl.cc(420)] Failed to connect to MCS endpoint with error -106
May 09, 2020 19:32:33.49 [3840:2124:0509/193233.496:ERROR:connection_factory_impl.cc(420)] Failed to connect to MCS endpoint with error -106
